<?xml version="1.0" encoding="UTF-8"?>
<!-- Generated by org.testng.reporters.JUnitReportReporter -->
<testsuite hostname="DESKTOP-SBNF8ES" failures="0" tests="1" name="com.qa.hs.tests.LoginTest" time="13.525" errors="0" timestamp="2024-09-25T10:52:42 IST" skipped="0">
  <testcase classname="com.qa.hs.tests.LoginTest" name="loginTest" time="13.525"/>
</testsuite> <!-- com.qa.hs.tests.LoginTest -->
